INFO: [VRFC 10-2263] Analyzing Verilog file "E:/FDUdata/ASCI/reaction_timer/reaction_timer.srcs/sources_1/new/clk_div.v" into library xil_defaultlib
INFO: [VRFC 10-311] analyzing module clk_div
INFO: [VRFC 10-2263] Analyzing Verilog file "E:/FDUdata/ASCI/reaction_timer/reaction_timer.srcs/sources_1/new/debounce.v" into library xil_defaultlib
INFO: [VRFC 10-311] analyzing module debounce
INFO: [VRFC 10-2263] Analyzing Verilog file "E:/FDUdata/ASCI/reaction_timer/reaction_timer.srcs/sources_1/new/double_dabble.v" into library xil_defaultlib
INFO: [VRFC 10-311] analyzing module double_dabble
INFO: [VRFC 10-2263] Analyzing Verilog file "E:/FDUdata/ASCI/reaction_timer/reaction_timer.srcs/sources_1/new/fsm.v" into library xil_defaultlib
INFO: [VRFC 10-311] analyzing module fsm
INFO: [VRFC 10-2263] Analyzing Verilog file "E:/FDUdata/ASCI/reaction_timer/reaction_timer.srcs/sources_1/new/lsfr.v" into library xil_defaultlib
INFO: [VRFC 10-311] analyzing module lfsr
INFO: [VRFC 10-2263] Analyzing Verilog file "E:/FDUdata/ASCI/reaction_timer/reaction_timer.srcs/sources_1/new/result_calc.v" into library xil_defaultlib
INFO: [VRFC 10-311] analyzing module result_calc
INFO: [VRFC 10-2263] Analyzing Verilog file "E:/FDUdata/ASCI/reaction_timer/reaction_timer.srcs/sources_1/new/seg7_driver.v" into library xil_defaultlib
INFO: [VRFC 10-311] analyzing module seg7_driver
INFO: [VRFC 10-2263] Analyzing Verilog file "E:/FDUdata/ASCI/reaction_timer/reaction_timer.srcs/sources_1/new/timer.v" into library xil_defaultlib
INFO: [VRFC 10-311] analyzing module timer
INFO: [VRFC 10-2263] Analyzing Verilog file "E:/FDUdata/ASCI/reaction_timer/reaction_timer.srcs/sources_1/new/top.v" into library xil_defaultlib
INFO: [VRFC 10-311] analyzing module top
WARNING: [VRFC 10-2938] 'tick' is already implicitly declared on line 22 [E:/FDUdata/ASCI/reaction_timer/reaction_timer.srcs/sources_1/new/top.v:48]
WARNING: [VRFC 10-2938] 'start_out' is already implicitly declared on line 32 [E:/FDUdata/ASCI/reaction_timer/reaction_timer.srcs/sources_1/new/top.v:49]
WARNING: [VRFC 10-2938] 'react_out' is already implicitly declared on line 43 [E:/FDUdata/ASCI/reaction_timer/reaction_timer.srcs/sources_1/new/top.v:50]
INFO: [VRFC 10-2263] Analyzing Verilog file "E:/FDUdata/ASCI/reaction_timer/reaction_timer.srcs/sim_1/new/tb_top.v" into library xil_defaultlib
INFO: [VRFC 10-311] analyzing module tb_top
